[34minfo[39m: BD {"timestamp":"2023-09-15T00:11:52.780Z"}
[37mdebug[39m: Server Up! {"timestamp":"2023-09-15T00:11:52.812Z"}
[36merror[39m: Server Up! {"timestamp":"2023-09-15T00:11:52.812Z"}
[33mwarning[39m: Server Up! {"timestamp":"2023-09-15T00:11:52.813Z"}
[32mhttp[39m: Server Up! {"timestamp":"2023-09-15T00:11:52.813Z"}
[34minfo[39m: Server Up! {"timestamp":"2023-09-15T00:11:52.814Z"}
[34minfo[39m: BD {"timestamp":"2023-09-15T00:12:41.952Z"}
[37mdebug[39m: Server Up! {"timestamp":"2023-09-15T00:12:41.982Z"}
[36merror[39m: Server Up! {"timestamp":"2023-09-15T00:12:41.982Z"}
[33mwarning[39m: Server Up! {"timestamp":"2023-09-15T00:12:41.983Z"}
[32mhttp[39m: Server Up! {"timestamp":"2023-09-15T00:12:41.983Z"}
[34minfo[39m: Server Up! {"timestamp":"2023-09-15T00:12:41.984Z"}
[34minfo[39m: BD {"timestamp":"2023-09-28T20:09:50.914Z"}
[37mdebug[39m: Server Up! {"timestamp":"2023-09-28T20:09:50.928Z"}
[36merror[39m: Server Up! {"timestamp":"2023-09-28T20:09:50.929Z"}
[33mwarning[39m: Server Up! {"timestamp":"2023-09-28T20:09:50.929Z"}
[32mhttp[39m: Server Up! {"timestamp":"2023-09-28T20:09:50.930Z"}
[34minfo[39m: Server Up! {"timestamp":"2023-09-28T20:09:50.930Z"}
[34minfo[39m: New client connected {"timestamp":"2023-09-28T20:10:40.035Z"}
[34minfo[39m: BD {"timestamp":"2023-09-28T20:14:06.809Z"}
[37mdebug[39m: Server Up! {"timestamp":"2023-09-28T20:14:06.823Z"}
[36merror[39m: Server Up! {"timestamp":"2023-09-28T20:14:06.824Z"}
[33mwarning[39m: Server Up! {"timestamp":"2023-09-28T20:14:06.824Z"}
[32mhttp[39m: Server Up! {"timestamp":"2023-09-28T20:14:06.825Z"}
[34minfo[39m: Server Up! {"timestamp":"2023-09-28T20:14:06.825Z"}
[34minfo[39m: New client connected {"timestamp":"2023-09-28T20:14:09.889Z"}
[34minfo[39m: BD {"timestamp":"2023-09-28T20:16:01.493Z"}
[37mdebug[39m: Server Up! {"timestamp":"2023-09-28T20:16:01.506Z"}
[36merror[39m: Server Up! {"timestamp":"2023-09-28T20:16:01.507Z"}
[33mwarning[39m: Server Up! {"timestamp":"2023-09-28T20:16:01.507Z"}
[32mhttp[39m: Server Up! {"timestamp":"2023-09-28T20:16:01.507Z"}
[34minfo[39m: Server Up! {"timestamp":"2023-09-28T20:16:01.508Z"}
[34minfo[39m: New client connected {"timestamp":"2023-09-28T20:16:01.876Z"}
[34minfo[39m: BD {"timestamp":"2023-09-28T20:16:58.152Z"}
[37mdebug[39m: Server Up! {"timestamp":"2023-09-28T20:16:58.165Z"}
[36merror[39m: Server Up! {"timestamp":"2023-09-28T20:16:58.165Z"}
[33mwarning[39m: Server Up! {"timestamp":"2023-09-28T20:16:58.166Z"}
[32mhttp[39m: Server Up! {"timestamp":"2023-09-28T20:16:58.166Z"}
[34minfo[39m: Server Up! {"timestamp":"2023-09-28T20:16:58.167Z"}
[34minfo[39m: New client connected {"timestamp":"2023-09-28T20:17:00.197Z"}
[34minfo[39m: BD {"timestamp":"2023-09-28T20:17:04.206Z"}
[37mdebug[39m: Server Up! {"timestamp":"2023-09-28T20:17:04.219Z"}
[36merror[39m: Server Up! {"timestamp":"2023-09-28T20:17:04.220Z"}
[33mwarning[39m: Server Up! {"timestamp":"2023-09-28T20:17:04.220Z"}
[32mhttp[39m: Server Up! {"timestamp":"2023-09-28T20:17:04.221Z"}
[34minfo[39m: Server Up! {"timestamp":"2023-09-28T20:17:04.221Z"}
[34minfo[39m: New client connected {"timestamp":"2023-09-28T20:17:04.374Z"}
[34minfo[39m: BD {"timestamp":"2023-10-01T18:38:48.948Z"}
[34minfo[39m: BD {"timestamp":"2023-10-01T18:39:11.992Z"}
[37mdebug[39m: Server Up! {"timestamp":"2023-10-01T18:39:12.009Z"}
[36merror[39m: Server Up! {"timestamp":"2023-10-01T18:39:12.010Z"}
[33mwarning[39m: Server Up! {"timestamp":"2023-10-01T18:39:12.010Z"}
[32mhttp[39m: Server Up! {"timestamp":"2023-10-01T18:39:12.011Z"}
[34minfo[39m: Server Up! {"timestamp":"2023-10-01T18:39:12.012Z"}
[34minfo[39m: New client connected {"timestamp":"2023-10-01T18:39:28.281Z"}
[34minfo[39m: BD {"timestamp":"2023-10-01T18:42:20.722Z"}
[37mdebug[39m: Server Up! {"timestamp":"2023-10-01T18:42:20.742Z"}
[36merror[39m: Server Up! {"timestamp":"2023-10-01T18:42:20.743Z"}
[33mwarning[39m: Server Up! {"timestamp":"2023-10-01T18:42:20.743Z"}
[32mhttp[39m: Server Up! {"timestamp":"2023-10-01T18:42:20.744Z"}
[34minfo[39m: Server Up! {"timestamp":"2023-10-01T18:42:20.744Z"}
[34minfo[39m: New client connected {"timestamp":"2023-10-01T18:44:11.127Z"}
[34minfo[39m: New client connected {"timestamp":"2023-10-01T18:44:20.698Z"}
[34minfo[39m: New client connected {"timestamp":"2023-10-01T18:44:28.922Z"}
[34minfo[39m: New client connected {"timestamp":"2023-10-01T18:46:56.517Z"}
[34minfo[39m: New client connected {"timestamp":"2023-10-01T18:46:57.255Z"}
[34minfo[39m: New client connected {"timestamp":"2023-10-01T18:46:57.497Z"}
[34minfo[39m: BD {"timestamp":"2023-10-01T18:47:48.659Z"}
[34minfo[39m: BD {"timestamp":"2023-10-01T18:49:15.838Z"}
[34minfo[39m: BD {"timestamp":"2023-10-01T18:52:42.365Z"}
[37mdebug[39m: Server Up! {"timestamp":"2023-10-01T18:52:42.393Z"}
[36merror[39m: Server Up! {"timestamp":"2023-10-01T18:52:42.394Z"}
[33mwarning[39m: Server Up! {"timestamp":"2023-10-01T18:52:42.394Z"}
[32mhttp[39m: Server Up! {"timestamp":"2023-10-01T18:52:42.395Z"}
[34minfo[39m: Server Up! {"timestamp":"2023-10-01T18:52:42.395Z"}
[34minfo[39m: BD {"timestamp":"2023-10-01T18:53:15.276Z"}
[37mdebug[39m: Server Up! {"timestamp":"2023-10-01T18:53:15.304Z"}
[36merror[39m: Server Up! {"timestamp":"2023-10-01T18:53:15.304Z"}
[33mwarning[39m: Server Up! {"timestamp":"2023-10-01T18:53:15.305Z"}
[32mhttp[39m: Server Up! {"timestamp":"2023-10-01T18:53:15.305Z"}
[34minfo[39m: Server Up! {"timestamp":"2023-10-01T18:53:15.306Z"}
[34minfo[39m: BD {"timestamp":"2023-10-01T18:54:20.307Z"}
[37mdebug[39m: Server Up! {"timestamp":"2023-10-01T18:54:20.334Z"}
[36merror[39m: Server Up! {"timestamp":"2023-10-01T18:54:20.335Z"}
[33mwarning[39m: Server Up! {"timestamp":"2023-10-01T18:54:20.335Z"}
[32mhttp[39m: Server Up! {"timestamp":"2023-10-01T18:54:20.336Z"}
[34minfo[39m: Server Up! {"timestamp":"2023-10-01T18:54:20.336Z"}
[34minfo[39m: BD {"timestamp":"2023-10-01T18:54:43.100Z"}
[37mdebug[39m: Server Up! {"timestamp":"2023-10-01T18:54:43.131Z"}
[36merror[39m: Server Up! {"timestamp":"2023-10-01T18:54:43.132Z"}
[33mwarning[39m: Server Up! {"timestamp":"2023-10-01T18:54:43.133Z"}
[32mhttp[39m: Server Up! {"timestamp":"2023-10-01T18:54:43.133Z"}
[34minfo[39m: Server Up! {"timestamp":"2023-10-01T18:54:43.134Z"}
[34minfo[39m: BD {"timestamp":"2023-10-01T18:55:22.421Z"}
[37mdebug[39m: Server Up! {"timestamp":"2023-10-01T18:55:22.447Z"}
[36merror[39m: Server Up! {"timestamp":"2023-10-01T18:55:22.448Z"}
[33mwarning[39m: Server Up! {"timestamp":"2023-10-01T18:55:22.448Z"}
[32mhttp[39m: Server Up! {"timestamp":"2023-10-01T18:55:22.449Z"}
[34minfo[39m: Server Up! {"timestamp":"2023-10-01T18:55:22.449Z"}
