{"level":"http","message":"consulta ruta /"}
{"level":"http","message":"consulta ruta /"}
{"level":"info","message":"consulta ruta /"}
{"level":"http","message":"consulta ruta /"}
{"level":"info","message":"consulta ruta /"}
{"level":"http","message":"mockProd /"}
{"level":"info","message":"mockProd /"}
{"level":"http","message":"mockProd /"}
{"level":"info","message":"mockProd /"}
{"level":"http","message":"mockProd /"}
{"level":"info","message":"mockProd /"}
{"level":"http","message":"mockProd /"}
{"level":"info","message":"mockProd /"}
{"level":"http","message":"consulta ruta /"}
{"level":"info","message":"consulta ruta /"}
{"level":"error","message":"Server Up!"}
{"level":"warn","message":"Server Up!"}
{"level":"http","message":"Server Up!"}
{"level":"info","message":"Server Up!"}
error: Server Up! {"timestamp":"2023-09-14T21:53:06.452Z"}
warn: Server Up! {"timestamp":"2023-09-14T21:53:06.453Z"}
http: Server Up! {"timestamp":"2023-09-14T21:53:06.453Z"}
info: Server Up! {"timestamp":"2023-09-14T21:53:06.454Z"}
