[34minfo[39m: BD {"timestamp":"2023-09-15T00:11:52.781Z"}
[37mdebug[39m: Server Up! {"timestamp":"2023-09-15T00:11:52.812Z"}
[32mhttp[39m: Server Up! {"timestamp":"2023-09-15T00:11:52.813Z"}
[34minfo[39m: Server Up! {"timestamp":"2023-09-15T00:11:52.814Z"}
[34minfo[39m: BD {"timestamp":"2023-09-15T00:12:41.953Z"}
[37mdebug[39m: Server Up! {"timestamp":"2023-09-15T00:12:41.982Z"}
[32mhttp[39m: Server Up! {"timestamp":"2023-09-15T00:12:41.984Z"}
[34minfo[39m: Server Up! {"timestamp":"2023-09-15T00:12:41.984Z"}
[34minfo[39m: BD {"timestamp":"2023-09-28T20:09:50.915Z"}
[37mdebug[39m: Server Up! {"timestamp":"2023-09-28T20:09:50.928Z"}
[32mhttp[39m: Server Up! {"timestamp":"2023-09-28T20:09:50.930Z"}
[34minfo[39m: Server Up! {"timestamp":"2023-09-28T20:09:50.930Z"}
[34minfo[39m: New client connected {"timestamp":"2023-09-28T20:10:40.036Z"}
[34minfo[39m: BD {"timestamp":"2023-09-28T20:14:06.810Z"}
[37mdebug[39m: Server Up! {"timestamp":"2023-09-28T20:14:06.824Z"}
[32mhttp[39m: Server Up! {"timestamp":"2023-09-28T20:14:06.825Z"}
[34minfo[39m: Server Up! {"timestamp":"2023-09-28T20:14:06.825Z"}
[34minfo[39m: New client connected {"timestamp":"2023-09-28T20:14:09.889Z"}
[34minfo[39m: BD {"timestamp":"2023-09-28T20:16:01.494Z"}
[37mdebug[39m: Server Up! {"timestamp":"2023-09-28T20:16:01.506Z"}
[32mhttp[39m: Server Up! {"timestamp":"2023-09-28T20:16:01.508Z"}
[34minfo[39m: Server Up! {"timestamp":"2023-09-28T20:16:01.508Z"}
[34minfo[39m: New client connected {"timestamp":"2023-09-28T20:16:01.876Z"}
[34minfo[39m: BD {"timestamp":"2023-09-28T20:16:58.153Z"}
[37mdebug[39m: Server Up! {"timestamp":"2023-09-28T20:16:58.165Z"}
[32mhttp[39m: Server Up! {"timestamp":"2023-09-28T20:16:58.166Z"}
[34minfo[39m: Server Up! {"timestamp":"2023-09-28T20:16:58.167Z"}
[34minfo[39m: New client connected {"timestamp":"2023-09-28T20:17:00.197Z"}
[34minfo[39m: BD {"timestamp":"2023-09-28T20:17:04.207Z"}
[37mdebug[39m: Server Up! {"timestamp":"2023-09-28T20:17:04.220Z"}
[32mhttp[39m: Server Up! {"timestamp":"2023-09-28T20:17:04.221Z"}
[34minfo[39m: Server Up! {"timestamp":"2023-09-28T20:17:04.221Z"}
[34minfo[39m: New client connected {"timestamp":"2023-09-28T20:17:04.374Z"}
[34minfo[39m: BD {"timestamp":"2023-10-01T18:38:48.949Z"}
[34minfo[39m: BD {"timestamp":"2023-10-01T18:39:11.993Z"}
[37mdebug[39m: Server Up! {"timestamp":"2023-10-01T18:39:12.009Z"}
[32mhttp[39m: Server Up! {"timestamp":"2023-10-01T18:39:12.011Z"}
[34minfo[39m: Server Up! {"timestamp":"2023-10-01T18:39:12.012Z"}
[34minfo[39m: New client connected {"timestamp":"2023-10-01T18:39:28.281Z"}
[34minfo[39m: BD {"timestamp":"2023-10-01T18:42:20.723Z"}
[37mdebug[39m: Server Up! {"timestamp":"2023-10-01T18:42:20.742Z"}
[32mhttp[39m: Server Up! {"timestamp":"2023-10-01T18:42:20.744Z"}
[34minfo[39m: Server Up! {"timestamp":"2023-10-01T18:42:20.744Z"}
[34minfo[39m: New client connected {"timestamp":"2023-10-01T18:44:11.128Z"}
[34minfo[39m: New client connected {"timestamp":"2023-10-01T18:44:20.699Z"}
[34minfo[39m: New client connected {"timestamp":"2023-10-01T18:44:28.922Z"}
[34minfo[39m: New client connected {"timestamp":"2023-10-01T18:46:56.517Z"}
[34minfo[39m: New client connected {"timestamp":"2023-10-01T18:46:57.255Z"}
[34minfo[39m: New client connected {"timestamp":"2023-10-01T18:46:57.497Z"}
[34minfo[39m: BD {"timestamp":"2023-10-01T18:47:48.661Z"}
[34minfo[39m: BD {"timestamp":"2023-10-01T18:49:15.839Z"}
[34minfo[39m: BD {"timestamp":"2023-10-01T18:52:42.366Z"}
[37mdebug[39m: Server Up! {"timestamp":"2023-10-01T18:52:42.394Z"}
[32mhttp[39m: Server Up! {"timestamp":"2023-10-01T18:52:42.395Z"}
[34minfo[39m: Server Up! {"timestamp":"2023-10-01T18:52:42.395Z"}
[34minfo[39m: BD {"timestamp":"2023-10-01T18:53:15.277Z"}
[37mdebug[39m: Server Up! {"timestamp":"2023-10-01T18:53:15.304Z"}
[32mhttp[39m: Server Up! {"timestamp":"2023-10-01T18:53:15.305Z"}
[34minfo[39m: Server Up! {"timestamp":"2023-10-01T18:53:15.306Z"}
[34minfo[39m: BD {"timestamp":"2023-10-01T18:54:20.308Z"}
[37mdebug[39m: Server Up! {"timestamp":"2023-10-01T18:54:20.335Z"}
[32mhttp[39m: Server Up! {"timestamp":"2023-10-01T18:54:20.336Z"}
[34minfo[39m: Server Up! {"timestamp":"2023-10-01T18:54:20.336Z"}
[34minfo[39m: BD {"timestamp":"2023-10-01T18:54:43.101Z"}
[37mdebug[39m: Server Up! {"timestamp":"2023-10-01T18:54:43.132Z"}
[32mhttp[39m: Server Up! {"timestamp":"2023-10-01T18:54:43.133Z"}
[34minfo[39m: Server Up! {"timestamp":"2023-10-01T18:54:43.134Z"}
[34minfo[39m: BD {"timestamp":"2023-10-01T18:55:22.422Z"}
[37mdebug[39m: Server Up! {"timestamp":"2023-10-01T18:55:22.447Z"}
[32mhttp[39m: Server Up! {"timestamp":"2023-10-01T18:55:22.449Z"}
[34minfo[39m: Server Up! {"timestamp":"2023-10-01T18:55:22.449Z"}
[34minfo[39m: BD {"timestamp":"2023-10-01T19:02:07.084Z"}
[37mdebug[39m: Server Up! {"timestamp":"2023-10-01T19:02:07.113Z"}
[32mhttp[39m: Server Up! {"timestamp":"2023-10-01T19:02:07.115Z"}
[34minfo[39m: Server Up! {"timestamp":"2023-10-01T19:02:07.115Z"}
[34minfo[39m: BD {"timestamp":"2023-10-01T19:03:10.368Z"}
[37mdebug[39m: Server Up! {"timestamp":"2023-10-01T19:03:10.398Z"}
[32mhttp[39m: Server Up! {"timestamp":"2023-10-01T19:03:10.399Z"}
[34minfo[39m: Server Up! {"timestamp":"2023-10-01T19:03:10.400Z"}
[34minfo[39m: BD {"timestamp":"2023-10-01T19:03:34.150Z"}
[37mdebug[39m: Server Up! {"timestamp":"2023-10-01T19:03:34.179Z"}
[32mhttp[39m: Server Up! {"timestamp":"2023-10-01T19:03:34.180Z"}
[34minfo[39m: Server Up! {"timestamp":"2023-10-01T19:03:34.180Z"}
[34minfo[39m: BD {"timestamp":"2023-10-01T19:04:00.611Z"}
[37mdebug[39m: Server Up! {"timestamp":"2023-10-01T19:04:00.641Z"}
[32mhttp[39m: Server Up! {"timestamp":"2023-10-01T19:04:00.642Z"}
[34minfo[39m: Server Up! {"timestamp":"2023-10-01T19:04:00.643Z"}
[34minfo[39m: BD {"timestamp":"2023-10-01T19:05:36.673Z"}
[37mdebug[39m: Server Up! {"timestamp":"2023-10-01T19:05:36.701Z"}
[32mhttp[39m: Server Up! {"timestamp":"2023-10-01T19:05:36.703Z"}
[34minfo[39m: Server Up! {"timestamp":"2023-10-01T19:05:36.703Z"}
[34minfo[39m: BD {"timestamp":"2023-10-01T19:06:17.285Z"}
[37mdebug[39m: Server Up! {"timestamp":"2023-10-01T19:06:17.313Z"}
[32mhttp[39m: Server Up! {"timestamp":"2023-10-01T19:06:17.315Z"}
[34minfo[39m: Server Up! {"timestamp":"2023-10-01T19:06:17.315Z"}
[34minfo[39m: BD {"timestamp":"2023-10-01T19:07:40.638Z"}
[37mdebug[39m: Server Up! {"timestamp":"2023-10-01T19:07:40.669Z"}
[32mhttp[39m: Server Up! {"timestamp":"2023-10-01T19:07:40.671Z"}
[34minfo[39m: Server Up! {"timestamp":"2023-10-01T19:07:40.672Z"}
[34minfo[39m: BD {"timestamp":"2023-10-02T14:25:06.999Z"}
[37mdebug[39m: Server Up! {"timestamp":"2023-10-02T14:25:07.027Z"}
[32mhttp[39m: Server Up! {"timestamp":"2023-10-02T14:25:07.029Z"}
[34minfo[39m: Server Up! {"timestamp":"2023-10-02T14:25:07.029Z"}
[34minfo[39m: BD {"timestamp":"2023-10-04T00:52:19.321Z"}
[37mdebug[39m: Server Up! {"timestamp":"2023-10-04T00:52:19.360Z"}
[32mhttp[39m: Server Up! {"timestamp":"2023-10-04T00:52:19.364Z"}
[34minfo[39m: Server Up! {"timestamp":"2023-10-04T00:52:19.365Z"}
[34minfo[39m: BD {"timestamp":"2023-10-04T00:54:50.089Z"}
[37mdebug[39m: Server Up! {"timestamp":"2023-10-04T00:54:50.119Z"}
[32mhttp[39m: Server Up! {"timestamp":"2023-10-04T00:54:50.121Z"}
[34minfo[39m: Server Up! {"timestamp":"2023-10-04T00:54:50.121Z"}
[34minfo[39m: BD {"timestamp":"2023-10-04T00:55:39.219Z"}
[37mdebug[39m: Server Up! {"timestamp":"2023-10-04T00:55:39.251Z"}
[32mhttp[39m: Server Up! {"timestamp":"2023-10-04T00:55:39.252Z"}
[34minfo[39m: Server Up! {"timestamp":"2023-10-04T00:55:39.253Z"}
[34minfo[39m: BD {"timestamp":"2023-10-04T00:55:57.330Z"}
[37mdebug[39m: Server Up! {"timestamp":"2023-10-04T00:55:57.361Z"}
[32mhttp[39m: Server Up! {"timestamp":"2023-10-04T00:55:57.363Z"}
[34minfo[39m: Server Up! {"timestamp":"2023-10-04T00:55:57.363Z"}
[34minfo[39m: BD {"timestamp":"2023-10-04T00:56:52.077Z"}
[37mdebug[39m: Server Up! {"timestamp":"2023-10-04T00:56:52.115Z"}
[32mhttp[39m: Server Up! {"timestamp":"2023-10-04T00:56:52.116Z"}
[34minfo[39m: Server Up! {"timestamp":"2023-10-04T00:56:52.117Z"}
[34minfo[39m: BD {"timestamp":"2023-10-04T00:57:16.907Z"}
[37mdebug[39m: Server Up! {"timestamp":"2023-10-04T00:57:16.937Z"}
[32mhttp[39m: Server Up! {"timestamp":"2023-10-04T00:57:16.938Z"}
[34minfo[39m: Server Up! {"timestamp":"2023-10-04T00:57:16.939Z"}
[34minfo[39m: BD {"timestamp":"2023-10-04T00:59:31.846Z"}
[37mdebug[39m: Server Up! {"timestamp":"2023-10-04T00:59:31.876Z"}
[32mhttp[39m: Server Up! {"timestamp":"2023-10-04T00:59:31.877Z"}
[34minfo[39m: Server Up! {"timestamp":"2023-10-04T00:59:31.878Z"}
[34minfo[39m: BD {"timestamp":"2023-10-04T01:03:03.511Z"}
[37mdebug[39m: Server Up! {"timestamp":"2023-10-04T01:03:03.541Z"}
[32mhttp[39m: Server Up! {"timestamp":"2023-10-04T01:03:03.543Z"}
[34minfo[39m: Server Up! {"timestamp":"2023-10-04T01:03:03.543Z"}
[34minfo[39m: BD {"timestamp":"2023-10-04T01:03:26.316Z"}
[37mdebug[39m: Server Up! {"timestamp":"2023-10-04T01:03:26.344Z"}
[32mhttp[39m: Server Up! {"timestamp":"2023-10-04T01:03:26.345Z"}
[34minfo[39m: Server Up! {"timestamp":"2023-10-04T01:03:26.346Z"}
[34minfo[39m: BD {"timestamp":"2023-10-04T01:04:05.002Z"}
[37mdebug[39m: Server Up! {"timestamp":"2023-10-04T01:04:05.031Z"}
[32mhttp[39m: Server Up! {"timestamp":"2023-10-04T01:04:05.032Z"}
[34minfo[39m: Server Up! {"timestamp":"2023-10-04T01:04:05.033Z"}
[34minfo[39m: BD {"timestamp":"2023-10-04T01:12:43.085Z"}
[37mdebug[39m: Server Up! {"timestamp":"2023-10-04T01:12:43.113Z"}
[32mhttp[39m: Server Up! {"timestamp":"2023-10-04T01:12:43.114Z"}
[34minfo[39m: Server Up! {"timestamp":"2023-10-04T01:12:43.115Z"}
[34minfo[39m: BD {"timestamp":"2023-10-04T01:14:27.771Z"}
[37mdebug[39m: Server Up! {"timestamp":"2023-10-04T01:14:27.799Z"}
[32mhttp[39m: Server Up! {"timestamp":"2023-10-04T01:14:27.800Z"}
[34minfo[39m: Server Up! {"timestamp":"2023-10-04T01:14:27.800Z"}
[34minfo[39m: BD {"timestamp":"2023-10-04T01:25:25.214Z"}
[37mdebug[39m: Server Up! {"timestamp":"2023-10-04T01:25:25.242Z"}
[32mhttp[39m: Server Up! {"timestamp":"2023-10-04T01:25:25.244Z"}
[34minfo[39m: Server Up! {"timestamp":"2023-10-04T01:25:25.244Z"}
[34minfo[39m: BD {"timestamp":"2023-10-04T01:27:01.905Z"}
[37mdebug[39m: Server Up! {"timestamp":"2023-10-04T01:27:01.935Z"}
[32mhttp[39m: Server Up! {"timestamp":"2023-10-04T01:27:01.936Z"}
[34minfo[39m: Server Up! {"timestamp":"2023-10-04T01:27:01.937Z"}
[34minfo[39m: BD {"timestamp":"2023-10-13T19:39:14.194Z"}
[37mdebug[39m: Server Up! {"timestamp":"2023-10-13T19:39:14.240Z"}
[32mhttp[39m: Server Up! {"timestamp":"2023-10-13T19:39:14.243Z"}
[34minfo[39m: Server Up! {"timestamp":"2023-10-13T19:39:14.244Z"}
[34minfo[39m: New client connected {"timestamp":"2023-10-13T19:39:25.504Z"}
[34minfo[39m: BD {"timestamp":"2023-10-13T20:06:52.138Z"}
[37mdebug[39m: Server Up! {"timestamp":"2023-10-13T20:06:52.172Z"}
[32mhttp[39m: Server Up! {"timestamp":"2023-10-13T20:06:52.173Z"}
[34minfo[39m: Server Up! {"timestamp":"2023-10-13T20:06:52.174Z"}
[34minfo[39m: BD {"timestamp":"2023-10-13T20:07:55.036Z"}
[37mdebug[39m: Server Up! {"timestamp":"2023-10-13T20:07:55.070Z"}
[32mhttp[39m: Server Up! {"timestamp":"2023-10-13T20:07:55.072Z"}
[34minfo[39m: Server Up! {"timestamp":"2023-10-13T20:07:55.072Z"}
[34minfo[39m: BD {"timestamp":"2023-10-13T20:11:15.804Z"}
[37mdebug[39m: Server Up! {"timestamp":"2023-10-13T20:11:15.838Z"}
[32mhttp[39m: Server Up! {"timestamp":"2023-10-13T20:11:15.839Z"}
[34minfo[39m: Server Up! {"timestamp":"2023-10-13T20:11:15.840Z"}
[34minfo[39m: BD {"timestamp":"2023-10-13T20:11:38.325Z"}
[37mdebug[39m: Server Up! {"timestamp":"2023-10-13T20:11:38.359Z"}
[32mhttp[39m: Server Up! {"timestamp":"2023-10-13T20:11:38.360Z"}
[34minfo[39m: Server Up! {"timestamp":"2023-10-13T20:11:38.361Z"}
[34minfo[39m: BD {"timestamp":"2023-10-13T20:11:47.443Z"}
[37mdebug[39m: Server Up! {"timestamp":"2023-10-13T20:11:47.476Z"}
[32mhttp[39m: Server Up! {"timestamp":"2023-10-13T20:11:47.477Z"}
[34minfo[39m: Server Up! {"timestamp":"2023-10-13T20:11:47.478Z"}
[34minfo[39m: BD {"timestamp":"2023-10-13T20:12:11.882Z"}
[37mdebug[39m: Server Up! {"timestamp":"2023-10-13T20:12:11.917Z"}
[32mhttp[39m: Server Up! {"timestamp":"2023-10-13T20:12:11.918Z"}
[34minfo[39m: Server Up! {"timestamp":"2023-10-13T20:12:11.919Z"}
[34minfo[39m: BD {"timestamp":"2023-10-13T20:12:28.612Z"}
[37mdebug[39m: Server Up! {"timestamp":"2023-10-13T20:12:28.648Z"}
[32mhttp[39m: Server Up! {"timestamp":"2023-10-13T20:12:28.649Z"}
[34minfo[39m: Server Up! {"timestamp":"2023-10-13T20:12:28.650Z"}
[34minfo[39m: BD {"timestamp":"2023-10-13T20:12:33.104Z"}
[37mdebug[39m: Server Up! {"timestamp":"2023-10-13T20:12:33.138Z"}
[32mhttp[39m: Server Up! {"timestamp":"2023-10-13T20:12:33.139Z"}
[34minfo[39m: Server Up! {"timestamp":"2023-10-13T20:12:33.139Z"}
[34minfo[39m: BD {"timestamp":"2023-10-13T20:19:53.215Z"}
[37mdebug[39m: Server Up! {"timestamp":"2023-10-13T20:19:53.249Z"}
[32mhttp[39m: Server Up! {"timestamp":"2023-10-13T20:19:53.250Z"}
[34minfo[39m: Server Up! {"timestamp":"2023-10-13T20:19:53.251Z"}
[34minfo[39m: BD {"timestamp":"2023-10-13T20:20:28.496Z"}
[37mdebug[39m: Server Up! {"timestamp":"2023-10-13T20:20:28.533Z"}
[32mhttp[39m: Server Up! {"timestamp":"2023-10-13T20:20:28.535Z"}
[34minfo[39m: Server Up! {"timestamp":"2023-10-13T20:20:28.535Z"}
[34minfo[39m: BD {"timestamp":"2023-10-13T20:23:16.748Z"}
[34minfo[39m: BD {"timestamp":"2023-10-13T20:23:48.858Z"}
[37mdebug[39m: Server Up! {"timestamp":"2023-10-13T20:23:48.893Z"}
[32mhttp[39m: Server Up! {"timestamp":"2023-10-13T20:23:48.894Z"}
[34minfo[39m: Server Up! {"timestamp":"2023-10-13T20:23:48.895Z"}
[34minfo[39m: BD {"timestamp":"2023-10-13T20:32:13.258Z"}
[37mdebug[39m: Server Up! {"timestamp":"2023-10-13T20:32:13.294Z"}
[32mhttp[39m: Server Up! {"timestamp":"2023-10-13T20:32:13.295Z"}
[34minfo[39m: Server Up! {"timestamp":"2023-10-13T20:32:13.295Z"}
[34minfo[39m: BD {"timestamp":"2023-10-13T20:32:47.520Z"}
[37mdebug[39m: Server Up! {"timestamp":"2023-10-13T20:32:47.554Z"}
[32mhttp[39m: Server Up! {"timestamp":"2023-10-13T20:32:47.555Z"}
[34minfo[39m: Server Up! {"timestamp":"2023-10-13T20:32:47.556Z"}
[34minfo[39m: BD {"timestamp":"2023-10-13T20:33:03.061Z"}
[37mdebug[39m: Server Up! {"timestamp":"2023-10-13T20:33:03.095Z"}
[32mhttp[39m: Server Up! {"timestamp":"2023-10-13T20:33:03.096Z"}
[34minfo[39m: Server Up! {"timestamp":"2023-10-13T20:33:03.096Z"}
[34minfo[39m: BD {"timestamp":"2023-10-13T20:34:11.540Z"}
[34minfo[39m: BD {"timestamp":"2023-10-13T20:37:27.265Z"}
[37mdebug[39m: Server Up! {"timestamp":"2023-10-13T20:37:27.306Z"}
[32mhttp[39m: Server Up! {"timestamp":"2023-10-13T20:37:27.307Z"}
[34minfo[39m: Server Up! {"timestamp":"2023-10-13T20:37:27.307Z"}
[34minfo[39m: BD {"timestamp":"2023-10-13T20:37:42.200Z"}
[37mdebug[39m: Server Up! {"timestamp":"2023-10-13T20:37:42.230Z"}
[32mhttp[39m: Server Up! {"timestamp":"2023-10-13T20:37:42.232Z"}
[34minfo[39m: Server Up! {"timestamp":"2023-10-13T20:37:42.232Z"}
[34minfo[39m: BD {"timestamp":"2023-10-13T20:37:46.666Z"}
[37mdebug[39m: Server Up! {"timestamp":"2023-10-13T20:37:46.700Z"}
[32mhttp[39m: Server Up! {"timestamp":"2023-10-13T20:37:46.701Z"}
[34minfo[39m: Server Up! {"timestamp":"2023-10-13T20:37:46.702Z"}
[34minfo[39m: BD {"timestamp":"2023-10-13T20:38:44.487Z"}
[37mdebug[39m: Server Up! {"timestamp":"2023-10-13T20:38:44.521Z"}
[32mhttp[39m: Server Up! {"timestamp":"2023-10-13T20:38:44.522Z"}
[34minfo[39m: Server Up! {"timestamp":"2023-10-13T20:38:44.522Z"}
[34minfo[39m: BD {"timestamp":"2023-10-13T20:39:39.701Z"}
[37mdebug[39m: Server Up! {"timestamp":"2023-10-13T20:39:39.733Z"}
[32mhttp[39m: Server Up! {"timestamp":"2023-10-13T20:39:39.734Z"}
[34minfo[39m: Server Up! {"timestamp":"2023-10-13T20:39:39.735Z"}
[34minfo[39m: BD {"timestamp":"2023-10-16T20:04:24.770Z"}
[37mdebug[39m: Server Up! {"timestamp":"2023-10-16T20:04:24.804Z"}
[32mhttp[39m: Server Up! {"timestamp":"2023-10-16T20:04:24.806Z"}
[34minfo[39m: Server Up! {"timestamp":"2023-10-16T20:04:24.806Z"}
[34minfo[39m: BD {"timestamp":"2023-10-18T23:48:35.599Z"}
[37mdebug[39m: Server Up! {"timestamp":"2023-10-18T23:48:35.637Z"}
[32mhttp[39m: Server Up! {"timestamp":"2023-10-18T23:48:35.639Z"}
[34minfo[39m: Server Up! {"timestamp":"2023-10-18T23:48:35.639Z"}
[34minfo[39m: BD {"timestamp":"2023-10-18T23:52:05.778Z"}
[37mdebug[39m: Server Up! {"timestamp":"2023-10-18T23:52:05.811Z"}
[32mhttp[39m: Server Up! {"timestamp":"2023-10-18T23:52:05.813Z"}
[34minfo[39m: Server Up! {"timestamp":"2023-10-18T23:52:05.813Z"}
[34minfo[39m: New client connected {"timestamp":"2023-10-18T23:52:08.342Z"}
[34minfo[39m: New client connected {"timestamp":"2023-10-18T23:53:01.195Z"}
[34minfo[39m: passport {"timestamp":"2023-10-18T23:53:24.468Z"}
[34minfo[39m: New client connected {"timestamp":"2023-10-18T23:54:54.634Z"}
[34minfo[39m: BD {"timestamp":"2023-10-18T23:57:04.434Z"}
[37mdebug[39m: Server Up! {"timestamp":"2023-10-18T23:57:04.467Z"}
[32mhttp[39m: Server Up! {"timestamp":"2023-10-18T23:57:04.468Z"}
[34minfo[39m: Server Up! {"timestamp":"2023-10-18T23:57:04.469Z"}
[34minfo[39m: BD {"timestamp":"2023-10-18T23:58:15.023Z"}
[37mdebug[39m: Server Up! {"timestamp":"2023-10-18T23:58:15.058Z"}
[32mhttp[39m: Server Up! {"timestamp":"2023-10-18T23:58:15.059Z"}
[34minfo[39m: Server Up! {"timestamp":"2023-10-18T23:58:15.060Z"}
[34minfo[39m: BD {"timestamp":"2023-10-18T23:59:41.466Z"}
[37mdebug[39m: Server Up! {"timestamp":"2023-10-18T23:59:41.499Z"}
[32mhttp[39m: Server Up! {"timestamp":"2023-10-18T23:59:41.500Z"}
[34minfo[39m: Server Up! {"timestamp":"2023-10-18T23:59:41.501Z"}
[34minfo[39m: BD {"timestamp":"2023-10-19T00:01:04.604Z"}
[37mdebug[39m: Server Up! {"timestamp":"2023-10-19T00:01:04.639Z"}
[32mhttp[39m: Server Up! {"timestamp":"2023-10-19T00:01:04.640Z"}
[34minfo[39m: Server Up! {"timestamp":"2023-10-19T00:01:04.641Z"}
[34minfo[39m: BD {"timestamp":"2023-10-19T00:01:16.962Z"}
[37mdebug[39m: Server Up! {"timestamp":"2023-10-19T00:01:16.998Z"}
[32mhttp[39m: Server Up! {"timestamp":"2023-10-19T00:01:16.999Z"}
[34minfo[39m: Server Up! {"timestamp":"2023-10-19T00:01:17.000Z"}
[34minfo[39m: BD {"timestamp":"2023-10-19T00:01:27.948Z"}
[37mdebug[39m: Server Up! {"timestamp":"2023-10-19T00:01:27.980Z"}
[32mhttp[39m: Server Up! {"timestamp":"2023-10-19T00:01:27.982Z"}
[34minfo[39m: Server Up! {"timestamp":"2023-10-19T00:01:27.982Z"}
[34minfo[39m: BD {"timestamp":"2023-10-19T00:03:46.649Z"}
[37mdebug[39m: Server Up! {"timestamp":"2023-10-19T00:03:46.680Z"}
[32mhttp[39m: Server Up! {"timestamp":"2023-10-19T00:03:46.682Z"}
[34minfo[39m: Server Up! {"timestamp":"2023-10-19T00:03:46.682Z"}
[34minfo[39m: New client connected {"timestamp":"2023-10-19T00:03:51.214Z"}
[34minfo[39m: BD {"timestamp":"2023-10-19T00:04:47.465Z"}
[37mdebug[39m: Server Up! {"timestamp":"2023-10-19T00:04:47.495Z"}
[32mhttp[39m: Server Up! {"timestamp":"2023-10-19T00:04:47.496Z"}
[34minfo[39m: Server Up! {"timestamp":"2023-10-19T00:04:47.497Z"}
[34minfo[39m: New client connected {"timestamp":"2023-10-19T00:04:47.663Z"}
[34minfo[39m: BD {"timestamp":"2023-10-19T00:05:01.848Z"}
[37mdebug[39m: Server Up! {"timestamp":"2023-10-19T00:05:01.889Z"}
[32mhttp[39m: Server Up! {"timestamp":"2023-10-19T00:05:01.890Z"}
[34minfo[39m: Server Up! {"timestamp":"2023-10-19T00:05:01.891Z"}
[34minfo[39m: New client connected {"timestamp":"2023-10-19T00:05:01.963Z"}
[34minfo[39m: New client connected {"timestamp":"2023-10-19T00:05:06.670Z"}
[34minfo[39m: BD {"timestamp":"2023-10-19T00:07:32.117Z"}
[37mdebug[39m: Server Up! {"timestamp":"2023-10-19T00:07:32.147Z"}
[32mhttp[39m: Server Up! {"timestamp":"2023-10-19T00:07:32.149Z"}
[34minfo[39m: Server Up! {"timestamp":"2023-10-19T00:07:32.149Z"}
[34minfo[39m: New client connected {"timestamp":"2023-10-19T00:07:39.495Z"}
[34minfo[39m: New client connected {"timestamp":"2023-10-19T00:07:54.024Z"}
[34minfo[39m: BD {"timestamp":"2023-10-19T00:11:59.986Z"}
[37mdebug[39m: Server Up! {"timestamp":"2023-10-19T00:12:00.023Z"}
[32mhttp[39m: Server Up! {"timestamp":"2023-10-19T00:12:00.025Z"}
[34minfo[39m: Server Up! {"timestamp":"2023-10-19T00:12:00.026Z"}
[34minfo[39m: New client connected {"timestamp":"2023-10-19T00:12:00.469Z"}
[34minfo[39m: New client connected {"timestamp":"2023-10-19T00:12:07.868Z"}
[34minfo[39m: New client connected {"timestamp":"2023-10-19T00:12:21.942Z"}
[34minfo[39m: BD {"timestamp":"2023-10-19T00:21:45.786Z"}
[37mdebug[39m: Server Up! {"timestamp":"2023-10-19T00:21:45.819Z"}
[32mhttp[39m: Server Up! {"timestamp":"2023-10-19T00:21:45.821Z"}
[34minfo[39m: Server Up! {"timestamp":"2023-10-19T00:21:45.821Z"}
[34minfo[39m: New client connected {"timestamp":"2023-10-19T00:21:45.972Z"}
[34minfo[39m: BD {"timestamp":"2023-10-19T00:24:26.350Z"}
[37mdebug[39m: Server Up! {"timestamp":"2023-10-19T00:24:26.385Z"}
[32mhttp[39m: Server Up! {"timestamp":"2023-10-19T00:24:26.386Z"}
[34minfo[39m: Server Up! {"timestamp":"2023-10-19T00:24:26.387Z"}
[34minfo[39m: New client connected {"timestamp":"2023-10-19T00:24:30.865Z"}
[34minfo[39m: BD {"timestamp":"2023-10-19T00:24:33.677Z"}
[37mdebug[39m: Server Up! {"timestamp":"2023-10-19T00:24:33.709Z"}
[32mhttp[39m: Server Up! {"timestamp":"2023-10-19T00:24:33.710Z"}
[34minfo[39m: Server Up! {"timestamp":"2023-10-19T00:24:33.711Z"}
[34minfo[39m: New client connected {"timestamp":"2023-10-19T00:24:33.750Z"}
[34minfo[39m: BD {"timestamp":"2023-10-19T00:26:27.386Z"}
[37mdebug[39m: Server Up! {"timestamp":"2023-10-19T00:26:27.418Z"}
[32mhttp[39m: Server Up! {"timestamp":"2023-10-19T00:26:27.420Z"}
[34minfo[39m: Server Up! {"timestamp":"2023-10-19T00:26:27.420Z"}
[34minfo[39m: New client connected {"timestamp":"2023-10-19T00:26:31.452Z"}
[34minfo[39m: BD {"timestamp":"2023-10-19T00:29:04.787Z"}
[37mdebug[39m: Server Up! {"timestamp":"2023-10-19T00:29:04.821Z"}
[32mhttp[39m: Server Up! {"timestamp":"2023-10-19T00:29:04.822Z"}
[34minfo[39m: Server Up! {"timestamp":"2023-10-19T00:29:04.823Z"}
[34minfo[39m: New client connected {"timestamp":"2023-10-19T00:29:05.001Z"}
[34minfo[39m: BD {"timestamp":"2023-10-19T00:30:53.323Z"}
[37mdebug[39m: Server Up! {"timestamp":"2023-10-19T00:30:53.357Z"}
[32mhttp[39m: Server Up! {"timestamp":"2023-10-19T00:30:53.358Z"}
[34minfo[39m: Server Up! {"timestamp":"2023-10-19T00:30:53.359Z"}
[34minfo[39m: New client connected {"timestamp":"2023-10-19T00:30:57.404Z"}
[34minfo[39m: BD {"timestamp":"2023-10-19T00:32:51.294Z"}
[37mdebug[39m: Server Up! {"timestamp":"2023-10-19T00:32:51.325Z"}
[32mhttp[39m: Server Up! {"timestamp":"2023-10-19T00:32:51.327Z"}
[34minfo[39m: Server Up! {"timestamp":"2023-10-19T00:32:51.327Z"}
[34minfo[39m: New client connected {"timestamp":"2023-10-19T00:32:51.436Z"}
[34minfo[39m: BD {"timestamp":"2023-10-19T00:34:42.338Z"}
[37mdebug[39m: Server Up! {"timestamp":"2023-10-19T00:34:42.373Z"}
[32mhttp[39m: Server Up! {"timestamp":"2023-10-19T00:34:42.374Z"}
[34minfo[39m: Server Up! {"timestamp":"2023-10-19T00:34:42.374Z"}
[34minfo[39m: New client connected {"timestamp":"2023-10-19T00:34:42.532Z"}
[34minfo[39m: BD {"timestamp":"2023-10-19T00:34:56.809Z"}
[37mdebug[39m: Server Up! {"timestamp":"2023-10-19T00:34:56.842Z"}
[32mhttp[39m: Server Up! {"timestamp":"2023-10-19T00:34:56.843Z"}
[34minfo[39m: Server Up! {"timestamp":"2023-10-19T00:34:56.844Z"}
[34minfo[39m: New client connected {"timestamp":"2023-10-19T00:34:57.046Z"}
