
[37mdebug[39m: Server Up! {"timestamp":"2023-11-08T14:22:46.953Z"}
[37mdebug[39m: Server Up! {"timestamp":"2023-11-08T14:23:39.461Z"}
[37mdebug[39m: Server Up! {"timestamp":"2023-11-08T14:24:17.239Z"}
[37mdebug[39m: Server Up! {"timestamp":"2023-11-08T14:34:09.833Z"}
[37mdebug[39m: Server Up! {"timestamp":"2023-11-08T14:35:43.581Z"}
[37mdebug[39m: Server Up! {"timestamp":"2023-11-08T14:41:35.679Z"}
[37mdebug[39m: Server Up! {"timestamp":"2023-11-08T14:42:47.941Z"}
[37mdebug[39m: Server Up! {"timestamp":"2023-11-08T14:45:08.292Z"}
[37mdebug[39m: Server Up! {"timestamp":"2023-11-08T14:46:07.122Z"}
[37mdebug[39m: Server Up! {"timestamp":"2023-11-08T15:03:46.527Z"}
[37mdebug[39m: Server Up! {"timestamp":"2023-11-08T15:05:14.430Z"}
[37mdebug[39m: Server Up! {"timestamp":"2023-11-08T15:06:04.576Z"}
[37mdebug[39m: Server Up! {"timestamp":"2023-11-08T15:06:35.842Z"}
[37mdebug[39m: Server Up! {"timestamp":"2023-11-08T15:07:23.220Z"}
[37mdebug[39m: Server Up! {"timestamp":"2023-11-08T15:07:37.748Z"}
[37mdebug[39m: Server Up! {"timestamp":"2023-11-08T15:10:38.204Z"}
[37mdebug[39m: Server Up! {"timestamp":"2023-11-08T15:10:46.805Z"}
[34minfo[39m: BDatos {"timestamp":"2023-11-08T15:13:03.711Z"}
[37mdebug[39m: Server Up! {"timestamp":"2023-11-08T15:13:03.743Z"}
[36merror[39m: Server Up! {"timestamp":"2023-11-08T15:13:03.744Z"}
[33mwarning[39m: Server Up! {"timestamp":"2023-11-08T15:13:03.744Z"}
[32mhttp[39m: Server Up! {"timestamp":"2023-11-08T15:13:03.744Z"}
[34minfo[39m: Server Up! {"timestamp":"2023-11-08T15:13:03.745Z"}
[34minfo[39m: [function toLocaleTimeString() { [native code] }] /api/users/ - POST {"timestamp":"2023-11-08T15:13:22.694Z"}
[36merror[39m: debe tener un mail {"timestamp":"2023-11-08T15:13:22.701Z"}
[34minfo[39m: BDatos {"timestamp":"2023-11-08T15:17:51.542Z"}
[37mdebug[39m: debug {"timestamp":"2023-11-08T15:17:51.576Z"}
[36merror[39m: error {"timestamp":"2023-11-08T15:17:51.577Z"}
[33mwarning[39m: warning {"timestamp":"2023-11-08T15:17:51.577Z"}
[32mhttp[39m: http {"timestamp":"2023-11-08T15:17:51.578Z"}
[34minfo[39m: info {"timestamp":"2023-11-08T15:17:51.578Z"}
[34minfo[39m: BDatos {"timestamp":"2023-11-08T15:18:19.324Z"}
[37mdebug[39m: debug {"timestamp":"2023-11-08T15:18:19.359Z"}
[36merror[39m: error {"timestamp":"2023-11-08T15:18:19.360Z"}
[33mwarning[39m: warning {"timestamp":"2023-11-08T15:18:19.360Z"}
[32mhttp[39m: http {"timestamp":"2023-11-08T15:18:19.361Z"}
[34minfo[39m: info {"timestamp":"2023-11-08T15:18:19.361Z"}
[34minfo[39m: [function toLocaleTimeString() { [native code] }] /api/users/ - POST {"timestamp":"2023-11-08T15:18:23.604Z"}
[36merror[39m: debe tener un mail {"timestamp":"2023-11-08T15:18:23.614Z"}
[34minfo[39m: BDatos {"timestamp":"2023-11-08T20:00:59.144Z"}
[37mdebug[39m: debug {"timestamp":"2023-11-08T20:00:59.194Z"}
[36merror[39m: error {"timestamp":"2023-11-08T20:00:59.195Z"}
[33mwarning[39m: warning {"timestamp":"2023-11-08T20:00:59.195Z"}
[32mhttp[39m: http {"timestamp":"2023-11-08T20:00:59.196Z"}
[34minfo[39m: info {"timestamp":"2023-11-08T20:00:59.196Z"}
[34minfo[39m: [function toLocaleTimeString() { [native code] }] /api/users/ - POST {"timestamp":"2023-11-08T20:01:07.679Z"}
[36merror[39m: debe tener un mail {"timestamp":"2023-11-08T20:01:07.721Z"}
[34minfo[39m: BDatos {"timestamp":"2023-11-08T20:07:25.434Z"}
[37mdebug[39m: debug {"timestamp":"2023-11-08T20:07:25.465Z"}
[36merror[39m: error {"timestamp":"2023-11-08T20:07:25.466Z"}
[33mwarning[39m: warning {"timestamp":"2023-11-08T20:07:25.466Z"}
[32mhttp[39m: http {"timestamp":"2023-11-08T20:07:25.467Z"}
[34minfo[39m: info {"timestamp":"2023-11-08T20:07:25.467Z"}
[34minfo[39m: [function toLocaleTimeString() { [native code] }] /api/users/ - POST {"timestamp":"2023-11-08T20:07:31.985Z"}
[36merror[39m: debe tener un mail {"timestamp":"2023-11-08T20:07:31.998Z"}
[34minfo[39m: [function toLocaleTimeString() { [native code] }] /api/users/ - GET {"timestamp":"2023-11-08T20:08:39.939Z"}
[34minfo[39m: [function toLocaleTimeString() { [native code] }] /api/users/ - GET {"timestamp":"2023-11-08T20:08:46.189Z"}
[34minfo[39m: [function toLocaleTimeString() { [native code] }] /api/users/ - GET {"timestamp":"2023-11-08T20:08:46.759Z"}
[34minfo[39m: [function toLocaleTimeString() { [native code] }] /api/users/ - GET {"timestamp":"2023-11-08T20:08:47.421Z"}
[34minfo[39m: [function toLocaleTimeString() { [native code] }] /api/users/ - POST {"timestamp":"2023-11-08T20:09:31.665Z"}
[36merror[39m: debe tener un mail {"timestamp":"2023-11-08T20:09:31.668Z"}
[34minfo[39m: [function toLocaleTimeString() { [native code] }] /api/users/ - POST {"timestamp":"2023-11-08T20:09:37.778Z"}
[36merror[39m: debe tener un mail {"timestamp":"2023-11-08T20:09:37.781Z"}
[34minfo[39m: [function toLocaleTimeString() { [native code] }] /api/users/ - POST {"timestamp":"2023-11-08T20:09:39.845Z"}
[36merror[39m: debe tener un mail {"timestamp":"2023-11-08T20:09:39.848Z"}
[34minfo[39m: [function toLocaleTimeString() { [native code] }] /api/users/ - POST {"timestamp":"2023-11-08T20:09:40.076Z"}
[36merror[39m: debe tener un mail {"timestamp":"2023-11-08T20:09:40.079Z"}
[34minfo[39m: [function toLocaleTimeString() { [native code] }] /api/users/ - POST {"timestamp":"2023-11-08T20:09:40.285Z"}
[36merror[39m: debe tener un mail {"timestamp":"2023-11-08T20:09:40.287Z"}
[34minfo[39m: [function toLocaleTimeString() { [native code] }] /api/users/ - POST {"timestamp":"2023-11-08T20:09:40.514Z"}
[36merror[39m: debe tener un mail {"timestamp":"2023-11-08T20:09:40.517Z"}
[34minfo[39m: BDatos {"timestamp":"2023-11-08T20:10:35.973Z"}
[37mdebug[39m: debug {"timestamp":"2023-11-08T20:10:36.006Z"}
[36merror[39m: error {"timestamp":"2023-11-08T20:10:36.006Z"}
[33mwarning[39m: warning {"timestamp":"2023-11-08T20:10:36.007Z"}
[32mhttp[39m: http {"timestamp":"2023-11-08T20:10:36.007Z"}
[34minfo[39m: info {"timestamp":"2023-11-08T20:10:36.007Z"}
[34minfo[39m: [function toLocaleTimeString() { [native code] }] /api/users/ - POST {"timestamp":"2023-11-08T20:10:40.706Z"}
[36merror[39m: debe tener un mail {"timestamp":"2023-11-08T20:10:40.717Z"}
[36merror[39m: debe tener un mail {"timestamp":"2023-11-08T20:10:40.718Z"}
[34minfo[39m: BDatos {"timestamp":"2023-11-08T20:11:42.304Z"}
[37mdebug[39m: debug {"timestamp":"2023-11-08T20:11:42.336Z"}
[36merror[39m: error {"timestamp":"2023-11-08T20:11:42.337Z"}
[33mwarning[39m: warning {"timestamp":"2023-11-08T20:11:42.337Z"}
[32mhttp[39m: http {"timestamp":"2023-11-08T20:11:42.338Z"}
[34minfo[39m: info {"timestamp":"2023-11-08T20:11:42.338Z"}
[34minfo[39m: [function toLocaleTimeString() { [native code] }] /api/users/ - POST {"timestamp":"2023-11-08T20:11:43.233Z"}
[36merror[39m: debe tener un mail {"timestamp":"2023-11-08T20:11:43.243Z"}
[36merror[39m: debe tener un mail {"timestamp":"2023-11-08T20:11:43.243Z"}
[34minfo[39m: BDatos {"timestamp":"2023-11-08T20:14:41.447Z"}
[37mdebug[39m: debug {"timestamp":"2023-11-08T20:14:41.480Z"}
[36merror[39m: error {"timestamp":"2023-11-08T20:14:41.481Z"}
[33mwarning[39m: warning {"timestamp":"2023-11-08T20:14:41.481Z"}
[32mhttp[39m: http {"timestamp":"2023-11-08T20:14:41.481Z"}
[34minfo[39m: info {"timestamp":"2023-11-08T20:14:41.482Z"}
[34minfo[39m: [function toLocaleTimeString() { [native code] }] /api/users/ - POST {"timestamp":"2023-11-08T20:14:42.897Z"}
[36merror[39m: debe tener un mail {"timestamp":"2023-11-08T20:14:42.909Z"}
[36merror[39m: debe tener un mail {"timestamp":"2023-11-08T20:14:42.910Z"}
[34minfo[39m: BDatos {"timestamp":"2023-11-08T20:15:02.379Z"}
[37mdebug[39m: debug {"timestamp":"2023-11-08T20:15:02.411Z"}
[36merror[39m: error {"timestamp":"2023-11-08T20:15:02.412Z"}
[33mwarning[39m: warning {"timestamp":"2023-11-08T20:15:02.412Z"}
[32mhttp[39m: http {"timestamp":"2023-11-08T20:15:02.413Z"}
[34minfo[39m: info {"timestamp":"2023-11-08T20:15:02.413Z"}
[34minfo[39m: [function toLocaleTimeString() { [native code] }] /api/users/ - POST {"timestamp":"2023-11-08T20:15:16.224Z"}
[36merror[39m: debe tener un mail {"timestamp":"2023-11-08T20:15:16.234Z"}
[36merror[39m: debe tener un mail {"timestamp":"2023-11-08T20:15:16.235Z"}
[34minfo[39m: [function toLocaleTimeString() { [native code] }] /api/users/ - POST {"timestamp":"2023-11-08T20:15:18.801Z"}
[36merror[39m: debe tener un mail {"timestamp":"2023-11-08T20:15:18.804Z"}
[36merror[39m: debe tener un mail {"timestamp":"2023-11-08T20:15:18.804Z"}
[34minfo[39m: [function toLocaleTimeString() { [native code] }] /api/users/ - POST {"timestamp":"2023-11-08T20:15:39.716Z"}
[36merror[39m: debe tener un mail {"timestamp":"2023-11-08T20:15:39.718Z"}
[36merror[39m: debe tener un mail {"timestamp":"2023-11-08T20:15:39.718Z"}
[34minfo[39m: [function toLocaleTimeString() { [native code] }] /api/users/ - POST {"timestamp":"2023-11-08T20:15:40.804Z"}
[36merror[39m: debe tener un mail {"timestamp":"2023-11-08T20:15:40.807Z"}
[36merror[39m: debe tener un mail {"timestamp":"2023-11-08T20:15:40.807Z"}
[34minfo[39m: [function toLocaleTimeString() { [native code] }] /api/users/ - POST {"timestamp":"2023-11-08T20:15:41.059Z"}
[36merror[39m: debe tener un mail {"timestamp":"2023-11-08T20:15:41.061Z"}
[36merror[39m: debe tener un mail {"timestamp":"2023-11-08T20:15:41.064Z"}
[34minfo[39m: [function toLocaleTimeString() { [native code] }] /api/users/ - POST {"timestamp":"2023-11-08T20:15:41.325Z"}
[36merror[39m: debe tener un mail {"timestamp":"2023-11-08T20:15:41.328Z"}
[36merror[39m: debe tener un mail {"timestamp":"2023-11-08T20:15:41.329Z"}
[34minfo[39m: BDatos {"timestamp":"2023-11-08T20:15:58.560Z"}
[37mdebug[39m: debug {"timestamp":"2023-11-08T20:15:58.595Z"}
[36merror[39m: error {"timestamp":"2023-11-08T20:15:58.595Z"}
[33mwarning[39m: warning {"timestamp":"2023-11-08T20:15:58.596Z"}
[32mhttp[39m: http {"timestamp":"2023-11-08T20:15:58.596Z"}
[34minfo[39m: info {"timestamp":"2023-11-08T20:15:58.596Z"}
[34minfo[39m: [function toLocaleTimeString() { [native code] }] /api/users/ - POST {"timestamp":"2023-11-08T20:16:00.231Z"}
[34minfo[39m: BDatos {"timestamp":"2023-11-08T21:00:18.583Z"}
[37mdebug[39m: debug {"timestamp":"2023-11-08T21:00:18.616Z"}
[36merror[39m: error {"timestamp":"2023-11-08T21:00:18.617Z"}
[33mwarning[39m: warning {"timestamp":"2023-11-08T21:00:18.617Z"}
[32mhttp[39m: http {"timestamp":"2023-11-08T21:00:18.618Z"}
[34minfo[39m: info {"timestamp":"2023-11-08T21:00:18.618Z"}
[34minfo[39m: [18:00:22] /api/users/ - POST {"timestamp":"2023-11-08T21:00:22.980Z"}
[34minfo[39m: BDatos {"timestamp":"2023-11-08T21:01:18.837Z"}
[37mdebug[39m: debug {"timestamp":"2023-11-08T21:01:18.871Z"}
[36merror[39m: error {"timestamp":"2023-11-08T21:01:18.871Z"}
[33mwarning[39m: warning {"timestamp":"2023-11-08T21:01:18.872Z"}
[32mhttp[39m: http {"timestamp":"2023-11-08T21:01:18.872Z"}
[34minfo[39m: info {"timestamp":"2023-11-08T21:01:18.872Z"}
[34minfo[39m: BDatos {"timestamp":"2023-11-08T21:04:42.699Z"}
[37mdebug[39m: debug {"timestamp":"2023-11-08T21:04:42.732Z"}
[36merror[39m: error {"timestamp":"2023-11-08T21:04:42.732Z"}
[33mwarning[39m: warning {"timestamp":"2023-11-08T21:04:42.733Z"}
[32mhttp[39m: http {"timestamp":"2023-11-08T21:04:42.733Z"}
[34minfo[39m: info {"timestamp":"2023-11-08T21:04:42.733Z"}
[34minfo[39m: [18:05:02] /api/users/ - POST {"timestamp":"2023-11-08T21:05:02.741Z"}
[36merror[39m: debe tener un mail {"timestamp":"2023-11-08T21:05:02.749Z"}
[36merror[39m: debe tener un mail {"timestamp":"2023-11-08T21:05:02.749Z"}
[34minfo[39m: BDatos {"timestamp":"2023-11-08T21:08:41.439Z"}
[37mdebug[39m: debug {"timestamp":"2023-11-08T21:08:41.478Z"}
[36merror[39m: error {"timestamp":"2023-11-08T21:08:41.478Z"}
[33mwarning[39m: warning {"timestamp":"2023-11-08T21:08:41.479Z"}
[32mhttp[39m: http {"timestamp":"2023-11-08T21:08:41.479Z"}
[34minfo[39m: info {"timestamp":"2023-11-08T21:08:41.479Z"}
[34minfo[39m: [18:13:04] / - GET {"timestamp":"2023-11-08T21:13:04.605Z"}
[34minfo[39m: [18:13:04] /js/index.js - GET {"timestamp":"2023-11-08T21:13:04.632Z"}
[34minfo[39m: New client connected {"timestamp":"2023-11-08T21:13:04.665Z"}
[34minfo[39m: [18:13:06] /favicon.ico - GET {"timestamp":"2023-11-08T21:13:06.561Z"}
[34minfo[39m: [18:13:13] /docs/ - GET {"timestamp":"2023-11-08T21:13:13.164Z"}
[34minfo[39m: [18:13:13] /docs/swagger-ui.css - GET {"timestamp":"2023-11-08T21:13:13.185Z"}
[34minfo[39m: [18:13:13] /docs/swagger-ui-bundle.js - GET {"timestamp":"2023-11-08T21:13:13.187Z"}
[34minfo[39m: [18:13:13] /docs/swagger-ui-standalone-preset.js - GET {"timestamp":"2023-11-08T21:13:13.196Z"}
[34minfo[39m: [18:13:13] /docs/swagger-ui-init.js - GET {"timestamp":"2023-11-08T21:13:13.198Z"}
[34minfo[39m: [18:13:13] /docs/favicon-32x32.png - GET {"timestamp":"2023-11-08T21:13:13.570Z"}
[34minfo[39m: BDatos {"timestamp":"2023-11-08T22:18:31.756Z"}
[37mdebug[39m: debug {"timestamp":"2023-11-08T22:18:31.803Z"}
[36merror[39m: error {"timestamp":"2023-11-08T22:18:31.803Z"}
[33mwarning[39m: warning {"timestamp":"2023-11-08T22:18:31.803Z"}
[32mhttp[39m: http {"timestamp":"2023-11-08T22:18:31.804Z"}
[34minfo[39m: info {"timestamp":"2023-11-08T22:18:31.804Z"}
[34minfo[39m: BDatos {"timestamp":"2023-11-08T22:36:09.421Z"}
[37mdebug[39m: debug {"timestamp":"2023-11-08T22:36:09.454Z"}
[36merror[39m: error {"timestamp":"2023-11-08T22:36:09.454Z"}
[33mwarning[39m: warning {"timestamp":"2023-11-08T22:36:09.454Z"}
[32mhttp[39m: http {"timestamp":"2023-11-08T22:36:09.455Z"}
[34minfo[39m: info {"timestamp":"2023-11-08T22:36:09.455Z"}
[34minfo[39m: [19:36:24] / - GET {"timestamp":"2023-11-08T22:36:24.666Z"}
[34minfo[39m: [19:36:24] /js/index.js - GET {"timestamp":"2023-11-08T22:36:24.683Z"}
[34minfo[39m: New client connected {"timestamp":"2023-11-08T22:36:24.725Z"}
[34minfo[39m: [19:36:37] /payments - GET {"timestamp":"2023-11-08T22:36:37.123Z"}
[34minfo[39m: [19:36:37] /favicon.ico - GET {"timestamp":"2023-11-08T22:36:37.217Z"}
[34minfo[39m: [19:37:00] /payments/exito - GET {"timestamp":"2023-11-08T22:37:00.276Z"}
[34minfo[39m: [19:37:00] /favicon.ico - GET {"timestamp":"2023-11-08T22:37:00.297Z"}
[34minfo[39m: [19:37:27] /payments/cancel - GET {"timestamp":"2023-11-08T22:37:27.013Z"}
[34minfo[39m: [19:37:27] /favicon.ico - GET {"timestamp":"2023-11-08T22:37:27.040Z"}
[34minfo[39m: [19:37:52] /payments/cancel - GET {"timestamp":"2023-11-08T22:37:52.328Z"}
[34minfo[39m: [19:37:52] /favicon.ico - GET {"timestamp":"2023-11-08T22:37:52.343Z"}
[34minfo[39m: BDatos {"timestamp":"2023-11-08T22:38:13.479Z"}
[37mdebug[39m: debug {"timestamp":"2023-11-08T22:38:13.514Z"}
[36merror[39m: error {"timestamp":"2023-11-08T22:38:13.515Z"}
[33mwarning[39m: warning {"timestamp":"2023-11-08T22:38:13.515Z"}
[32mhttp[39m: http {"timestamp":"2023-11-08T22:38:13.516Z"}
[34minfo[39m: info {"timestamp":"2023-11-08T22:38:13.516Z"}
[34minfo[39m: [19:38:13] /payments/cancel - GET {"timestamp":"2023-11-08T22:38:13.825Z"}
[34minfo[39m: [19:38:13] /favicon.ico - GET {"timestamp":"2023-11-08T22:38:13.854Z"}
[34minfo[39m: [19:39:00] /payments/create-checkout-session - GET {"timestamp":"2023-11-08T22:39:00.197Z"}
[34minfo[39m: [19:39:00] /favicon.ico - GET {"timestamp":"2023-11-08T22:39:00.224Z"}
[34minfo[39m: [19:39:13] /payments/create-checkout-sesion - GET {"timestamp":"2023-11-08T22:39:13.996Z"}
[34minfo[39m: [19:39:14] /favicon.ico - GET {"timestamp":"2023-11-08T22:39:14.028Z"}
[34minfo[39m: BDatos {"timestamp":"2023-11-08T23:08:01.911Z"}
[37mdebug[39m: debug {"timestamp":"2023-11-08T23:08:01.945Z"}
[36merror[39m: error {"timestamp":"2023-11-08T23:08:01.945Z"}
[33mwarning[39m: warning {"timestamp":"2023-11-08T23:08:01.945Z"}
[32mhttp[39m: http {"timestamp":"2023-11-08T23:08:01.946Z"}
[34minfo[39m: info {"timestamp":"2023-11-08T23:08:01.946Z"}
[34minfo[39m: [20:10:46] / - GET {"timestamp":"2023-11-08T23:10:46.752Z"}
[34minfo[39m: [20:10:46] /js/index.js - GET {"timestamp":"2023-11-08T23:10:46.783Z"}
[34minfo[39m: [20:10:46] /favicon.ico - GET {"timestamp":"2023-11-08T23:10:46.822Z"}
[34minfo[39m: New client connected {"timestamp":"2023-11-08T23:10:46.847Z"}
[34minfo[39m: [20:15:01] / - GET {"timestamp":"2023-11-08T23:15:01.652Z"}
[34minfo[39m: [20:15:01] /js/index.js - GET {"timestamp":"2023-11-08T23:15:01.670Z"}
[34minfo[39m: [20:15:01] /favicon.ico - GET {"timestamp":"2023-11-08T23:15:01.687Z"}
[34minfo[39m: New client connected {"timestamp":"2023-11-08T23:15:01.691Z"}
[34minfo[39m: [20:15:02] / - GET {"timestamp":"2023-11-08T23:15:02.493Z"}
[34minfo[39m: [20:15:02] /js/index.js - GET {"timestamp":"2023-11-08T23:15:02.506Z"}
[34minfo[39m: New client connected {"timestamp":"2023-11-08T23:15:02.514Z"}
[34minfo[39m: [20:15:02] /favicon.ico - GET {"timestamp":"2023-11-08T23:15:02.519Z"}
[34minfo[39m: [20:17:03] / - GET {"timestamp":"2023-11-08T23:17:03.647Z"}
[34minfo[39m: [20:17:03] /favicon.ico - GET {"timestamp":"2023-11-08T23:17:03.676Z"}
[34minfo[39m: [20:17:04] / - GET {"timestamp":"2023-11-08T23:17:04.800Z"}
[34minfo[39m: [20:17:04] /favicon.ico - GET {"timestamp":"2023-11-08T23:17:04.827Z"}
[34minfo[39m: [20:17:27] / - GET {"timestamp":"2023-11-08T23:17:27.032Z"}
[34minfo[39m: [20:17:27] /favicon.ico - GET {"timestamp":"2023-11-08T23:17:27.056Z"}
[34minfo[39m: [20:17:28] /payments/create-checkout-sesion - GET {"timestamp":"2023-11-08T23:17:28.605Z"}
[34minfo[39m: BDatos {"timestamp":"2023-11-08T23:23:01.546Z"}
[37mdebug[39m: debug {"timestamp":"2023-11-08T23:23:01.581Z"}
[36merror[39m: error {"timestamp":"2023-11-08T23:23:01.582Z"}
[33mwarning[39m: warning {"timestamp":"2023-11-08T23:23:01.582Z"}
[32mhttp[39m: http {"timestamp":"2023-11-08T23:23:01.582Z"}
[34minfo[39m: info {"timestamp":"2023-11-08T23:23:01.582Z"}
[34minfo[39m: [20:23:03] / - GET {"timestamp":"2023-11-08T23:23:03.974Z"}
[34minfo[39m: [20:23:04] /favicon.ico - GET {"timestamp":"2023-11-08T23:23:04.001Z"}
[34minfo[39m: [20:23:05] /payments/create-checkout-sesion - GET {"timestamp":"2023-11-08T23:23:05.419Z"}
[34minfo[39m: [20:23:59] /payments/cancel - GET {"timestamp":"2023-11-08T23:23:59.853Z"}
[34minfo[39m: [20:24:00] /favicon.ico - GET {"timestamp":"2023-11-08T23:24:00.051Z"}
