[34minfo[39m: BD {"timestamp":"2023-09-15T00:08:30.247Z"}
[37mdebug[39m: Server Up! {"timestamp":"2023-09-15T00:08:30.277Z"}
[33mwarning[39m: Server Up! {"timestamp":"2023-09-15T00:08:30.278Z"}
[32mhttp[39m: Server Up! {"timestamp":"2023-09-15T00:08:30.278Z"}
[34minfo[39m: Server Up! {"timestamp":"2023-09-15T00:08:30.279Z"}
[34minfo[39m: BD {"timestamp":"2023-09-15T00:09:21.834Z"}
[37mdebug[39m: Server Up! {"timestamp":"2023-09-15T00:09:21.867Z"}
[33mwarning[39m: Server Up! {"timestamp":"2023-09-15T00:09:21.868Z"}
[32mhttp[39m: Server Up! {"timestamp":"2023-09-15T00:09:21.868Z"}
[34minfo[39m: Server Up! {"timestamp":"2023-09-15T00:09:21.869Z"}
[34minfo[39m: BD {"timestamp":"2023-09-15T00:10:16.325Z"}
[37mdebug[39m: Server Up! {"timestamp":"2023-09-15T00:10:16.360Z"}
[33mwarning[39m: Server Up! {"timestamp":"2023-09-15T00:10:16.361Z"}
[32mhttp[39m: Server Up! {"timestamp":"2023-09-15T00:10:16.361Z"}
[34minfo[39m: Server Up! {"timestamp":"2023-09-15T00:10:16.362Z"}
[34minfo[39m: BD {"timestamp":"2023-11-08T14:15:22.479Z"}
[37mdebug[39m: Server Up! {"timestamp":"2023-11-08T14:15:22.515Z"}
[33mwarning[39m: Server Up! {"timestamp":"2023-11-08T14:15:22.516Z"}
[32mhttp[39m: Server Up! {"timestamp":"2023-11-08T14:15:22.517Z"}
[34minfo[39m: Server Up! {"timestamp":"2023-11-08T14:15:22.517Z"}
[34minfo[39m: BD {"timestamp":"2023-11-08T14:15:45.450Z"}
[37mdebug[39m: Server Up! {"timestamp":"2023-11-08T14:15:45.483Z"}
[33mwarning[39m: Server Up! {"timestamp":"2023-11-08T14:15:45.484Z"}
[32mhttp[39m: Server Up! {"timestamp":"2023-11-08T14:15:45.485Z"}
[34minfo[39m: Server Up! {"timestamp":"2023-11-08T14:15:45.485Z"}
[34minfo[39m: BD {"timestamp":"2023-11-08T14:22:46.920Z"}
[37mdebug[39m: Server Up! {"timestamp":"2023-11-08T14:22:46.953Z"}
[33mwarning[39m: Server Up! {"timestamp":"2023-11-08T14:22:46.954Z"}
[32mhttp[39m: Server Up! {"timestamp":"2023-11-08T14:22:46.955Z"}
[34minfo[39m: Server Up! {"timestamp":"2023-11-08T14:22:46.955Z"}
[34minfo[39m: BD {"timestamp":"2023-11-08T14:23:39.428Z"}
[37mdebug[39m: Server Up! {"timestamp":"2023-11-08T14:23:39.461Z"}
[33mwarning[39m: Server Up! {"timestamp":"2023-11-08T14:23:39.462Z"}
[32mhttp[39m: Server Up! {"timestamp":"2023-11-08T14:23:39.463Z"}
[34minfo[39m: Server Up! {"timestamp":"2023-11-08T14:23:39.463Z"}
[34minfo[39m: BD {"timestamp":"2023-11-08T14:24:07.069Z"}
[34minfo[39m: BD {"timestamp":"2023-11-08T14:24:17.205Z"}
[37mdebug[39m: Server Up! {"timestamp":"2023-11-08T14:24:17.239Z"}
[33mwarning[39m: Server Up! {"timestamp":"2023-11-08T14:24:17.240Z"}
[32mhttp[39m: Server Up! {"timestamp":"2023-11-08T14:24:17.241Z"}
[34minfo[39m: Server Up! {"timestamp":"2023-11-08T14:24:17.241Z"}
[34minfo[39m: BDatos {"timestamp":"2023-11-08T14:34:09.800Z"}
[37mdebug[39m: Server Up! {"timestamp":"2023-11-08T14:34:09.834Z"}
[33mwarning[39m: Server Up! {"timestamp":"2023-11-08T14:34:09.835Z"}
[32mhttp[39m: Server Up! {"timestamp":"2023-11-08T14:34:09.836Z"}
[34minfo[39m: Server Up! {"timestamp":"2023-11-08T14:34:09.836Z"}
[34minfo[39m: [function toLocaleTimeString() { [native code] }] /api/users/ - GET {"timestamp":"2023-11-08T14:34:17.093Z"}
[34minfo[39m: BDatos {"timestamp":"2023-11-08T14:35:43.547Z"}
[37mdebug[39m: Server Up! {"timestamp":"2023-11-08T14:35:43.581Z"}
[33mwarning[39m: Server Up! {"timestamp":"2023-11-08T14:35:43.582Z"}
[32mhttp[39m: Server Up! {"timestamp":"2023-11-08T14:35:43.582Z"}
[34minfo[39m: Server Up! {"timestamp":"2023-11-08T14:35:43.583Z"}
[34minfo[39m: [function toLocaleTimeString() { [native code] }] /api/users/ - PUT {"timestamp":"2023-11-08T14:35:59.189Z"}
[34minfo[39m: [function toLocaleTimeString() { [native code] }] /api/users/ - GET {"timestamp":"2023-11-08T14:36:05.977Z"}
[34minfo[39m: [function toLocaleTimeString() { [native code] }] /api/users/ - PUT {"timestamp":"2023-11-08T14:36:29.392Z"}
[34minfo[39m: [function toLocaleTimeString() { [native code] }] /api/users/ - PUT {"timestamp":"2023-11-08T14:37:33.431Z"}
[34minfo[39m: [function toLocaleTimeString() { [native code] }] /api/users/ - GET {"timestamp":"2023-11-08T14:37:37.691Z"}
[34minfo[39m: [function toLocaleTimeString() { [native code] }] /api/users/ - GET {"timestamp":"2023-11-08T14:38:13.914Z"}
[34minfo[39m: [function toLocaleTimeString() { [native code] }] /api/users/ - PUT {"timestamp":"2023-11-08T14:38:21.383Z"}
[34minfo[39m: [function toLocaleTimeString() { [native code] }] /api/users/ - GET {"timestamp":"2023-11-08T14:38:26.035Z"}
[34minfo[39m: [function toLocaleTimeString() { [native code] }] /api/users/ - PUT {"timestamp":"2023-11-08T14:38:39.520Z"}
[34minfo[39m: [function toLocaleTimeString() { [native code] }] /api/users/ - GET {"timestamp":"2023-11-08T14:38:42.810Z"}
[34minfo[39m: [function toLocaleTimeString() { [native code] }] /api/users/ - GET {"timestamp":"2023-11-08T14:39:53.395Z"}
[34minfo[39m: [function toLocaleTimeString() { [native code] }] /api/users/ - GET {"timestamp":"2023-11-08T14:39:53.988Z"}
[34minfo[39m: [function toLocaleTimeString() { [native code] }] /api/users/ - GET {"timestamp":"2023-11-08T14:39:54.208Z"}
[34minfo[39m: [function toLocaleTimeString() { [native code] }] /api/users/ - GET {"timestamp":"2023-11-08T14:39:54.414Z"}
[34minfo[39m: [function toLocaleTimeString() { [native code] }] /api/users/ - GET {"timestamp":"2023-11-08T14:39:54.636Z"}
[34minfo[39m: [function toLocaleTimeString() { [native code] }] /api/users/ - GET {"timestamp":"2023-11-08T14:39:54.851Z"}
[34minfo[39m: [function toLocaleTimeString() { [native code] }] /api/users/ - PUT {"timestamp":"2023-11-08T14:40:16.172Z"}
[34minfo[39m: [function toLocaleTimeString() { [native code] }] /api/users/ - GET {"timestamp":"2023-11-08T14:40:20.187Z"}
[34minfo[39m: BDatos {"timestamp":"2023-11-08T14:41:35.648Z"}
[37mdebug[39m: Server Up! {"timestamp":"2023-11-08T14:41:35.679Z"}
[33mwarning[39m: Server Up! {"timestamp":"2023-11-08T14:41:35.680Z"}
[32mhttp[39m: Server Up! {"timestamp":"2023-11-08T14:41:35.681Z"}
[34minfo[39m: Server Up! {"timestamp":"2023-11-08T14:41:35.681Z"}
[34minfo[39m: [function toLocaleTimeString() { [native code] }] /api/users/ - PUT {"timestamp":"2023-11-08T14:41:41.025Z"}
[34minfo[39m: [function toLocaleTimeString() { [native code] }] /api/users/ - PUT {"timestamp":"2023-11-08T14:41:42.801Z"}
[34minfo[39m: [function toLocaleTimeString() { [native code] }] /api/users/ - PUT {"timestamp":"2023-11-08T14:41:43.052Z"}
[34minfo[39m: [function toLocaleTimeString() { [native code] }] /api/users/ - PUT {"timestamp":"2023-11-08T14:41:43.264Z"}
[34minfo[39m: [function toLocaleTimeString() { [native code] }] /api/users/ - PUT {"timestamp":"2023-11-08T14:41:43.496Z"}
[34minfo[39m: [function toLocaleTimeString() { [native code] }] /api/users/ - PUT {"timestamp":"2023-11-08T14:41:43.707Z"}
[34minfo[39m: BDatos {"timestamp":"2023-11-08T14:42:47.909Z"}
[37mdebug[39m: Server Up! {"timestamp":"2023-11-08T14:42:47.941Z"}
[33mwarning[39m: Server Up! {"timestamp":"2023-11-08T14:42:47.942Z"}
[32mhttp[39m: Server Up! {"timestamp":"2023-11-08T14:42:47.943Z"}
[34minfo[39m: Server Up! {"timestamp":"2023-11-08T14:42:47.943Z"}
[34minfo[39m: [function toLocaleTimeString() { [native code] }] /api/users/ - PUT {"timestamp":"2023-11-08T14:42:49.579Z"}
[34minfo[39m: [function toLocaleTimeString() { [native code] }] /api/users/ - PUT {"timestamp":"2023-11-08T14:42:51.713Z"}
[34minfo[39m: [function toLocaleTimeString() { [native code] }] /api/users/ - PUT {"timestamp":"2023-11-08T14:42:52.154Z"}
[34minfo[39m: [function toLocaleTimeString() { [native code] }] /api/users/ - PUT {"timestamp":"2023-11-08T14:42:52.383Z"}
[34minfo[39m: [function toLocaleTimeString() { [native code] }] /api/users/ - PUT {"timestamp":"2023-11-08T14:42:52.609Z"}
[34minfo[39m: [function toLocaleTimeString() { [native code] }] /api/users/ - PUT {"timestamp":"2023-11-08T14:42:52.918Z"}
[34minfo[39m: [function toLocaleTimeString() { [native code] }] /api/users/ - PUT {"timestamp":"2023-11-08T14:42:53.214Z"}
[34minfo[39m: [function toLocaleTimeString() { [native code] }] /api/users/ - PUT {"timestamp":"2023-11-08T14:42:53.455Z"}
[34minfo[39m: [function toLocaleTimeString() { [native code] }] /api/users/ - PUT {"timestamp":"2023-11-08T14:42:53.682Z"}
[34minfo[39m: [function toLocaleTimeString() { [native code] }] /api/users/ - POST {"timestamp":"2023-11-08T14:43:28.717Z"}
[34minfo[39m: BDatos {"timestamp":"2023-11-08T14:45:08.262Z"}
[37mdebug[39m: Server Up! {"timestamp":"2023-11-08T14:45:08.292Z"}
[33mwarning[39m: Server Up! {"timestamp":"2023-11-08T14:45:08.293Z"}
[32mhttp[39m: Server Up! {"timestamp":"2023-11-08T14:45:08.294Z"}
[34minfo[39m: Server Up! {"timestamp":"2023-11-08T14:45:08.294Z"}
[34minfo[39m: [function toLocaleTimeString() { [native code] }] /api/users/ - POST {"timestamp":"2023-11-08T14:45:29.047Z"}
[34minfo[39m: BDatos {"timestamp":"2023-11-08T14:46:07.092Z"}
[37mdebug[39m: Server Up! {"timestamp":"2023-11-08T14:46:07.123Z"}
[33mwarning[39m: Server Up! {"timestamp":"2023-11-08T14:46:07.123Z"}
[32mhttp[39m: Server Up! {"timestamp":"2023-11-08T14:46:07.124Z"}
[34minfo[39m: Server Up! {"timestamp":"2023-11-08T14:46:07.124Z"}
[34minfo[39m: [function toLocaleTimeString() { [native code] }] /api/users/ - POST {"timestamp":"2023-11-08T14:46:10.341Z"}
[34minfo[39m: BDatos {"timestamp":"2023-11-08T15:03:46.495Z"}
[37mdebug[39m: Server Up! {"timestamp":"2023-11-08T15:03:46.527Z"}
[33mwarning[39m: Server Up! {"timestamp":"2023-11-08T15:03:46.528Z"}
[32mhttp[39m: Server Up! {"timestamp":"2023-11-08T15:03:46.529Z"}
[34minfo[39m: Server Up! {"timestamp":"2023-11-08T15:03:46.529Z"}
[34minfo[39m: [function toLocaleTimeString() { [native code] }] /api/users/ - POST {"timestamp":"2023-11-08T15:03:50.803Z"}
[34minfo[39m: [function toLocaleTimeString() { [native code] }] /api/users/ - POST {"timestamp":"2023-11-08T15:04:10.760Z"}
[34minfo[39m: BDatos {"timestamp":"2023-11-08T15:05:14.400Z"}
[37mdebug[39m: Server Up! {"timestamp":"2023-11-08T15:05:14.430Z"}
[33mwarning[39m: Server Up! {"timestamp":"2023-11-08T15:05:14.431Z"}
[32mhttp[39m: Server Up! {"timestamp":"2023-11-08T15:05:14.432Z"}
[34minfo[39m: Server Up! {"timestamp":"2023-11-08T15:05:14.432Z"}
[34minfo[39m: BDatos {"timestamp":"2023-11-08T15:06:04.547Z"}
[37mdebug[39m: Server Up! {"timestamp":"2023-11-08T15:06:04.577Z"}
[33mwarning[39m: Server Up! {"timestamp":"2023-11-08T15:06:04.578Z"}
[32mhttp[39m: Server Up! {"timestamp":"2023-11-08T15:06:04.578Z"}
[34minfo[39m: Server Up! {"timestamp":"2023-11-08T15:06:04.578Z"}
[34minfo[39m: [function toLocaleTimeString() { [native code] }] /api/users/ - POST {"timestamp":"2023-11-08T15:06:10.650Z"}
[34minfo[39m: BDatos {"timestamp":"2023-11-08T15:06:35.810Z"}
[37mdebug[39m: Server Up! {"timestamp":"2023-11-08T15:06:35.842Z"}
[33mwarning[39m: Server Up! {"timestamp":"2023-11-08T15:06:35.843Z"}
[32mhttp[39m: Server Up! {"timestamp":"2023-11-08T15:06:35.843Z"}
[34minfo[39m: Server Up! {"timestamp":"2023-11-08T15:06:35.844Z"}
[34minfo[39m: [function toLocaleTimeString() { [native code] }] /api/users/ - POST {"timestamp":"2023-11-08T15:06:39.837Z"}
[34minfo[39m: BDatos {"timestamp":"2023-11-08T15:07:23.189Z"}
[37mdebug[39m: Server Up! {"timestamp":"2023-11-08T15:07:23.221Z"}
[33mwarning[39m: Server Up! {"timestamp":"2023-11-08T15:07:23.222Z"}
[32mhttp[39m: Server Up! {"timestamp":"2023-11-08T15:07:23.222Z"}
[34minfo[39m: Server Up! {"timestamp":"2023-11-08T15:07:23.223Z"}
[34minfo[39m: [function toLocaleTimeString() { [native code] }] /api/users/ - POST {"timestamp":"2023-11-08T15:07:25.942Z"}
[34minfo[39m: BDatos {"timestamp":"2023-11-08T15:07:37.718Z"}
[37mdebug[39m: Server Up! {"timestamp":"2023-11-08T15:07:37.748Z"}
[33mwarning[39m: Server Up! {"timestamp":"2023-11-08T15:07:37.749Z"}
[32mhttp[39m: Server Up! {"timestamp":"2023-11-08T15:07:37.749Z"}
[34minfo[39m: Server Up! {"timestamp":"2023-11-08T15:07:37.750Z"}
[34minfo[39m: [function toLocaleTimeString() { [native code] }] /api/users/ - POST {"timestamp":"2023-11-08T15:08:20.988Z"}
[34minfo[39m: BDatos {"timestamp":"2023-11-08T15:10:38.172Z"}
[37mdebug[39m: Server Up! {"timestamp":"2023-11-08T15:10:38.204Z"}
[33mwarning[39m: Server Up! {"timestamp":"2023-11-08T15:10:38.206Z"}
[32mhttp[39m: Server Up! {"timestamp":"2023-11-08T15:10:38.206Z"}
[34minfo[39m: Server Up! {"timestamp":"2023-11-08T15:10:38.207Z"}
[34minfo[39m: BDatos {"timestamp":"2023-11-08T15:10:46.772Z"}
[37mdebug[39m: Server Up! {"timestamp":"2023-11-08T15:10:46.805Z"}
[33mwarning[39m: Server Up! {"timestamp":"2023-11-08T15:10:46.806Z"}
[32mhttp[39m: Server Up! {"timestamp":"2023-11-08T15:10:46.807Z"}
[34minfo[39m: Server Up! {"timestamp":"2023-11-08T15:10:46.807Z"}
[34minfo[39m: [function toLocaleTimeString() { [native code] }] /api/users/ - POST {"timestamp":"2023-11-08T15:11:04.127Z"}
[34minfo[39m: BDatos {"timestamp":"2023-11-08T15:13:03.712Z"}
[37mdebug[39m: Server Up! {"timestamp":"2023-11-08T15:13:03.743Z"}
[33mwarning[39m: Server Up! {"timestamp":"2023-11-08T15:13:03.744Z"}
[32mhttp[39m: Server Up! {"timestamp":"2023-11-08T15:13:03.745Z"}
[34minfo[39m: Server Up! {"timestamp":"2023-11-08T15:13:03.745Z"}
[34minfo[39m: [function toLocaleTimeString() { [native code] }] /api/users/ - POST {"timestamp":"2023-11-08T15:13:22.695Z"}
[34minfo[39m: BDatos {"timestamp":"2023-11-08T15:17:51.544Z"}
[37mdebug[39m: debug {"timestamp":"2023-11-08T15:17:51.577Z"}
[33mwarning[39m: warning {"timestamp":"2023-11-08T15:17:51.577Z"}
[32mhttp[39m: http {"timestamp":"2023-11-08T15:17:51.578Z"}
[34minfo[39m: info {"timestamp":"2023-11-08T15:17:51.578Z"}
[34minfo[39m: BDatos {"timestamp":"2023-11-08T15:18:19.326Z"}
[37mdebug[39m: debug {"timestamp":"2023-11-08T15:18:19.360Z"}
[33mwarning[39m: warning {"timestamp":"2023-11-08T15:18:19.361Z"}
[32mhttp[39m: http {"timestamp":"2023-11-08T15:18:19.361Z"}
[34minfo[39m: info {"timestamp":"2023-11-08T15:18:19.361Z"}
[34minfo[39m: [function toLocaleTimeString() { [native code] }] /api/users/ - POST {"timestamp":"2023-11-08T15:18:23.604Z"}
[34minfo[39m: BDatos {"timestamp":"2023-11-08T20:00:59.146Z"}
[37mdebug[39m: debug {"timestamp":"2023-11-08T20:00:59.195Z"}
[33mwarning[39m: warning {"timestamp":"2023-11-08T20:00:59.196Z"}
[32mhttp[39m: http {"timestamp":"2023-11-08T20:00:59.196Z"}
[34minfo[39m: info {"timestamp":"2023-11-08T20:00:59.197Z"}
[34minfo[39m: [function toLocaleTimeString() { [native code] }] /api/users/ - POST {"timestamp":"2023-11-08T20:01:07.679Z"}
[34minfo[39m: BDatos {"timestamp":"2023-11-08T20:07:25.435Z"}
[37mdebug[39m: debug {"timestamp":"2023-11-08T20:07:25.466Z"}
[33mwarning[39m: warning {"timestamp":"2023-11-08T20:07:25.467Z"}
[32mhttp[39m: http {"timestamp":"2023-11-08T20:07:25.467Z"}
[34minfo[39m: info {"timestamp":"2023-11-08T20:07:25.467Z"}
[34minfo[39m: [function toLocaleTimeString() { [native code] }] /api/users/ - POST {"timestamp":"2023-11-08T20:07:31.985Z"}
[34minfo[39m: [function toLocaleTimeString() { [native code] }] /api/users/ - GET {"timestamp":"2023-11-08T20:08:39.939Z"}
[34minfo[39m: [function toLocaleTimeString() { [native code] }] /api/users/ - GET {"timestamp":"2023-11-08T20:08:46.189Z"}
[34minfo[39m: [function toLocaleTimeString() { [native code] }] /api/users/ - GET {"timestamp":"2023-11-08T20:08:46.759Z"}
[34minfo[39m: [function toLocaleTimeString() { [native code] }] /api/users/ - GET {"timestamp":"2023-11-08T20:08:47.421Z"}
[34minfo[39m: [function toLocaleTimeString() { [native code] }] /api/users/ - POST {"timestamp":"2023-11-08T20:09:31.665Z"}
[34minfo[39m: [function toLocaleTimeString() { [native code] }] /api/users/ - POST {"timestamp":"2023-11-08T20:09:37.778Z"}
[34minfo[39m: [function toLocaleTimeString() { [native code] }] /api/users/ - POST {"timestamp":"2023-11-08T20:09:39.845Z"}
[34minfo[39m: [function toLocaleTimeString() { [native code] }] /api/users/ - POST {"timestamp":"2023-11-08T20:09:40.076Z"}
[34minfo[39m: [function toLocaleTimeString() { [native code] }] /api/users/ - POST {"timestamp":"2023-11-08T20:09:40.285Z"}
[34minfo[39m: [function toLocaleTimeString() { [native code] }] /api/users/ - POST {"timestamp":"2023-11-08T20:09:40.514Z"}
[34minfo[39m: BDatos {"timestamp":"2023-11-08T20:10:35.974Z"}
[37mdebug[39m: debug {"timestamp":"2023-11-08T20:10:36.006Z"}
[33mwarning[39m: warning {"timestamp":"2023-11-08T20:10:36.007Z"}
[32mhttp[39m: http {"timestamp":"2023-11-08T20:10:36.007Z"}
[34minfo[39m: info {"timestamp":"2023-11-08T20:10:36.008Z"}
[34minfo[39m: [function toLocaleTimeString() { [native code] }] /api/users/ - POST {"timestamp":"2023-11-08T20:10:40.706Z"}
[34minfo[39m: BDatos {"timestamp":"2023-11-08T20:11:42.305Z"}
[37mdebug[39m: debug {"timestamp":"2023-11-08T20:11:42.337Z"}
[33mwarning[39m: warning {"timestamp":"2023-11-08T20:11:42.338Z"}
[32mhttp[39m: http {"timestamp":"2023-11-08T20:11:42.338Z"}
[34minfo[39m: info {"timestamp":"2023-11-08T20:11:42.338Z"}
[34minfo[39m: [function toLocaleTimeString() { [native code] }] /api/users/ - POST {"timestamp":"2023-11-08T20:11:43.233Z"}
[34minfo[39m: BDatos {"timestamp":"2023-11-08T20:14:41.448Z"}
[37mdebug[39m: debug {"timestamp":"2023-11-08T20:14:41.480Z"}
[33mwarning[39m: warning {"timestamp":"2023-11-08T20:14:41.481Z"}
[32mhttp[39m: http {"timestamp":"2023-11-08T20:14:41.482Z"}
[34minfo[39m: info {"timestamp":"2023-11-08T20:14:41.482Z"}
[34minfo[39m: [function toLocaleTimeString() { [native code] }] /api/users/ - POST {"timestamp":"2023-11-08T20:14:42.897Z"}
[34minfo[39m: BDatos {"timestamp":"2023-11-08T20:15:02.381Z"}
[37mdebug[39m: debug {"timestamp":"2023-11-08T20:15:02.412Z"}
[33mwarning[39m: warning {"timestamp":"2023-11-08T20:15:02.412Z"}
[32mhttp[39m: http {"timestamp":"2023-11-08T20:15:02.413Z"}
[34minfo[39m: info {"timestamp":"2023-11-08T20:15:02.413Z"}
[34minfo[39m: [function toLocaleTimeString() { [native code] }] /api/users/ - POST {"timestamp":"2023-11-08T20:15:16.224Z"}
[34minfo[39m: [function toLocaleTimeString() { [native code] }] /api/users/ - POST {"timestamp":"2023-11-08T20:15:18.801Z"}
[34minfo[39m: [function toLocaleTimeString() { [native code] }] /api/users/ - POST {"timestamp":"2023-11-08T20:15:39.716Z"}
[34minfo[39m: [function toLocaleTimeString() { [native code] }] /api/users/ - POST {"timestamp":"2023-11-08T20:15:40.804Z"}
[34minfo[39m: [function toLocaleTimeString() { [native code] }] /api/users/ - POST {"timestamp":"2023-11-08T20:15:41.059Z"}
[34minfo[39m: [function toLocaleTimeString() { [native code] }] /api/users/ - POST {"timestamp":"2023-11-08T20:15:41.325Z"}
[34minfo[39m: BDatos {"timestamp":"2023-11-08T20:15:58.562Z"}
[37mdebug[39m: debug {"timestamp":"2023-11-08T20:15:58.595Z"}
[33mwarning[39m: warning {"timestamp":"2023-11-08T20:15:58.596Z"}
[32mhttp[39m: http {"timestamp":"2023-11-08T20:15:58.596Z"}
[34minfo[39m: info {"timestamp":"2023-11-08T20:15:58.596Z"}
[34minfo[39m: [function toLocaleTimeString() { [native code] }] /api/users/ - POST {"timestamp":"2023-11-08T20:16:00.231Z"}
[34minfo[39m: BDatos {"timestamp":"2023-11-08T21:00:18.584Z"}
[37mdebug[39m: debug {"timestamp":"2023-11-08T21:00:18.617Z"}
[33mwarning[39m: warning {"timestamp":"2023-11-08T21:00:18.618Z"}
[32mhttp[39m: http {"timestamp":"2023-11-08T21:00:18.618Z"}
[34minfo[39m: info {"timestamp":"2023-11-08T21:00:18.618Z"}
[34minfo[39m: [18:00:22] /api/users/ - POST {"timestamp":"2023-11-08T21:00:22.981Z"}
